<?xml version="1.0" encoding="UTF-8"?>
<!-- Generated by org.testng.reporters.JUnitXMLReporter -->
<testsuite ignored="0" hostname="hyzin" failures="0" tests="4" name="Test1" time="21.519" errors="0" timestamp="2025-11-16T21:25:56 IST">
  <testcase classname="testScript.LoginTest" name="validateUserLoginWithValidCredentials" time="1.445"/>
  <testcase classname="testScript.LoginTest" name="validateUserLoginWithInvalidUserNameValidPassword" time="0.465"/>
  <testcase classname="testScript.LoginTest" name="validateUserLoginWithValidUserNameInvalidPassword" time="0.557"/>
  <testcase classname="testScript.LoginTest" name="validateUserLoginWithInvalidCredentials" time="0.487"/>
</testsuite> <!-- Test1 -->
