<?xml version="1.0" encoding="UTF-8"?>
<!-- Generated by org.testng.reporters.JUnitXMLReporter -->
<testsuite ignored="2" hostname="hyzin" failures="0" tests="2" name="Test" time="9.912" errors="0" timestamp="2025-11-13T14:44:35 IST">
  <testcase classname="testScript.LoginTest" name="validateUserLoginWithValidCredentials" time="1.034"/>
  <testcase classname="testScript.LoginTest" name="validateUserLoginWithInvalidCredentials" time="0.283"/>
  <testcase classname="testScript.LoginTest" name="validateUserLoginWithInvalidUserNameValidPassword" time="0.0">
    <ignored/>
  </testcase> <!-- validateUserLoginWithInvalidUserNameValidPassword -->
  <testcase classname="testScript.LoginTest" name="validateUserLoginWithValidUserNameInvalidPassword" time="0.0">
    <ignored/>
  </testcase> <!-- validateUserLoginWithValidUserNameInvalidPassword -->
</testsuite> <!-- Test -->
