<?xml version="1.0" encoding="UTF-8"?>
<!-- Generated by org.testng.reporters.JUnitReportReporter -->
<testsuite hostname="hyzin" failures="0" tests="5" name="testScript.LoginTest" time="26.679" errors="0" timestamp="2025-11-25T10:56:15 AST" skipped="0">
  <testcase classname="testScript.LoginTest" name="validateUserLoginWithValidCredentials" time="6.766"/>
  <testcase classname="testScript.LoginTest" name="validateUserLoginWithInvalidUserNameValidPassword" time="4.363"/>
  <testcase classname="testScript.LoginTest" name="validateUserLoginWithValidUserNameInvalidPassword" time="6.012"/>
  <testcase classname="testScript.LoginTest" name="validateUserLoginWithInvalidCredentials" time="4.804"/>
  <testcase classname="testScript.LoginTest" name="validateUserLoginWithInvalidCredentials" time="4.734"/>
</testsuite> <!-- testScript.LoginTest -->
