<?xml version="1.0" encoding="UTF-8"?>
<!-- Generated by org.testng.reporters.JUnitReportReporter -->
<testsuite hostname="hyzin" failures="0" tests="3" name="testScript.AdminUsersTest" time="21.735" errors="0" timestamp="2025-11-25T10:54:58 AST" skipped="0">
  <testcase classname="testScript.AdminUsersTest" name="verifyWhetherUserisAbleToAddNewUser" time="8.426"/>
  <testcase classname="testScript.AdminUsersTest" name="verifyWhetherTheUserIsAbleToSearchTheNewlyAddedUser" time="7.018"/>
  <testcase classname="testScript.AdminUsersTest" name="verifyWhetherUserIsAbleToResetTheUsersList" time="6.291"/>
</testsuite> <!-- testScript.AdminUsersTest -->
