<?xml version="1.0" encoding="UTF-8"?>
<!-- Generated by org.testng.reporters.JUnitReportReporter -->
<testsuite hostname="hyzin" failures="0" tests="2" name="testScript.ManageNewsTest" time="15.731" errors="0" timestamp="2025-11-25T10:55:30 AST" skipped="0">
  <testcase classname="testScript.ManageNewsTest" name="verifyWhetherUserIsAbleToSearchNewlyAddedNews" time="7.156"/>
  <testcase classname="testScript.ManageNewsTest" name="verifyWhetherUserIsAbleToAddNewNews" time="8.575"/>
</testsuite> <!-- testScript.ManageNewsTest -->
