<?xml version="1.0" encoding="UTF-8"?>
<!-- Generated by org.testng.reporters.JUnitXMLReporter -->
<testsuite ignored="0" hostname="hyzin" failures="0" tests="5" name="Test" time="26.74" errors="0" timestamp="2025-11-25T10:56:15 AST">
  <testcase classname="testScript.LoginTest" name="validateUserLoginWithValidCredentials" time="2.362"/>
  <testcase classname="testScript.LoginTest" name="validateUserLoginWithInvalidUserNameValidPassword" time="0.843"/>
  <testcase classname="testScript.LoginTest" name="validateUserLoginWithValidUserNameInvalidPassword" time="0.87"/>
  <testcase classname="testScript.LoginTest" name="validateUserLoginWithInvalidCredentials" time="0.799"/>
  <testcase classname="testScript.LoginTest" name="validateUserLoginWithInvalidCredentials" time="0.314"/>
</testsuite> <!-- Test -->
