<?xml version="1.0" encoding="UTF-8"?>
<testng-results ignored="0" total="5" passed="5" failed="0" skipped="0">
  <reporter-output>
  </reporter-output>
  <suite started-at="2025-11-25T10:55:48 AST" name="Suite" finished-at="2025-11-25T10:56:15 AST" duration-ms="26740">
    <groups>
      <group name="smoke">
        <method signature="LoginTest.validateUserLoginWithValidCredentials()[pri:1, instance:testScript.LoginTest@4470fbd6]" name="validateUserLoginWithValidCredentials" class="testScript.LoginTest"/>
        <method signature="LoginTest.validateUserLoginWithInvalidCredentials(java.lang.String,java.lang.String)[pri:4, instance:testScript.LoginTest@4470fbd6]" name="validateUserLoginWithInvalidCredentials" class="testScript.LoginTest"/>
      </group> <!-- smoke -->
    </groups>
    <test started-at="2025-11-25T10:55:48 AST" name="Test" finished-at="2025-11-25T10:56:15 AST" duration-ms="26740">
      <class name="testScript.LoginTest">
        <test-method is-config="true" signature="initialiseBrowser(java.lang.String)[pri:0, instance:testScript.LoginTest@4470fbd6]" started-at="2025-11-25T10:55:48 AST" name="initialiseBrowser" finished-at="2025-11-25T10:55:53 AST" duration-ms="5142" status="PASS">
          <params>
            <param index="0">
              <value>
                <![CDATA[chrome]]>
              </value>
            </param>
          </params>
          <reporter-output>
          </reporter-output>
        </test-method> <!-- initialiseBrowser -->
        <test-method signature="validateUserLoginWithValidCredentials()[pri:1, instance:testScript.LoginTest@4470fbd6]" started-at="2025-11-25T10:55:53 AST" name="validateUserLoginWithValidCredentials" description="user is trying to login with valid credentils" finished-at="2025-11-25T10:55:55 AST" duration-ms="2362" status="PASS">
          <reporter-output>
          </reporter-output>
        </test-method> <!-- validateUserLoginWithValidCredentials -->
        <test-method is-config="true" signature="driverQuit(org.testng.ITestResult)[pri:0, instance:testScript.LoginTest@4470fbd6]" started-at="2025-11-25T10:55:55 AST" name="driverQuit" finished-at="2025-11-25T10:55:55 AST" duration-ms="0" status="PASS">
          <params>
            <param index="0">
              <value>
                <![CDATA[[TestResult name=validateUserLoginWithValidCredentials status=SUCCESS method=LoginTest.validateUserLoginWithValidCredentials()[pri:1, instance:testScript.LoginTest@4470fbd6] output={null}]]]>
              </value>
            </param>
          </params>
          <reporter-output>
          </reporter-output>
        </test-method> <!-- driverQuit -->
        <test-method is-config="true" signature="initialiseBrowser(java.lang.String)[pri:0, instance:testScript.LoginTest@4470fbd6]" started-at="2025-11-25T10:55:55 AST" name="initialiseBrowser" finished-at="2025-11-25T10:55:59 AST" duration-ms="3520" status="PASS">
          <params>
            <param index="0">
              <value>
                <![CDATA[chrome]]>
              </value>
            </param>
          </params>
          <reporter-output>
          </reporter-output>
        </test-method> <!-- initialiseBrowser -->
        <test-method signature="validateUserLoginWithInvalidUserNameValidPassword()[pri:2, instance:testScript.LoginTest@4470fbd6]" started-at="2025-11-25T10:55:59 AST" name="validateUserLoginWithInvalidUserNameValidPassword" description="user is trying to login with invalid username and valid password" finished-at="2025-11-25T10:56:00 AST" duration-ms="843" status="PASS">
          <reporter-output>
          </reporter-output>
        </test-method> <!-- validateUserLoginWithInvalidUserNameValidPassword -->
        <test-method is-config="true" signature="driverQuit(org.testng.ITestResult)[pri:0, instance:testScript.LoginTest@4470fbd6]" started-at="2025-11-25T10:56:00 AST" name="driverQuit" finished-at="2025-11-25T10:56:00 AST" duration-ms="4" status="PASS">
          <params>
            <param index="0">
              <value>
                <![CDATA[[TestResult name=validateUserLoginWithInvalidUserNameValidPassword status=SUCCESS method=LoginTest.validateUserLoginWithInvalidUserNameValidPassword()[pri:2, instance:testScript.LoginTest@4470fbd6] output={null}]]]>
              </value>
            </param>
          </params>
          <reporter-output>
          </reporter-output>
        </test-method> <!-- driverQuit -->
        <test-method is-config="true" signature="initialiseBrowser(java.lang.String)[pri:0, instance:testScript.LoginTest@4470fbd6]" started-at="2025-11-25T10:56:00 AST" name="initialiseBrowser" finished-at="2025-11-25T10:56:04 AST" duration-ms="4490" status="PASS">
          <params>
            <param index="0">
              <value>
                <![CDATA[chrome]]>
              </value>
            </param>
          </params>
          <reporter-output>
          </reporter-output>
        </test-method> <!-- initialiseBrowser -->
        <test-method signature="validateUserLoginWithValidUserNameInvalidPassword()[pri:3, instance:testScript.LoginTest@4470fbd6]" started-at="2025-11-25T10:56:04 AST" name="validateUserLoginWithValidUserNameInvalidPassword" description="user is trying to login with valid username and invalid password" finished-at="2025-11-25T10:56:05 AST" duration-ms="870" status="PASS">
          <reporter-output>
          </reporter-output>
        </test-method> <!-- validateUserLoginWithValidUserNameInvalidPassword -->
        <test-method is-config="true" signature="driverQuit(org.testng.ITestResult)[pri:0, instance:testScript.LoginTest@4470fbd6]" started-at="2025-11-25T10:56:05 AST" name="driverQuit" finished-at="2025-11-25T10:56:05 AST" duration-ms="0" status="PASS">
          <params>
            <param index="0">
              <value>
                <![CDATA[[TestResult name=validateUserLoginWithValidUserNameInvalidPassword status=SUCCESS method=LoginTest.validateUserLoginWithValidUserNameInvalidPassword()[pri:3, instance:testScript.LoginTest@4470fbd6] output={null}]]]>
              </value>
            </param>
          </params>
          <reporter-output>
          </reporter-output>
        </test-method> <!-- driverQuit -->
        <test-method is-config="true" signature="initialiseBrowser(java.lang.String)[pri:0, instance:testScript.LoginTest@4470fbd6]" started-at="2025-11-25T10:56:05 AST" name="initialiseBrowser" finished-at="2025-11-25T10:56:09 AST" duration-ms="3935" status="PASS">
          <params>
            <param index="0">
              <value>
                <![CDATA[chrome]]>
              </value>
            </param>
          </params>
          <reporter-output>
          </reporter-output>
        </test-method> <!-- initialiseBrowser -->
        <test-method signature="validateUserLoginWithInvalidCredentials(java.lang.String,java.lang.String)[pri:4, instance:testScript.LoginTest@4470fbd6]" started-at="2025-11-25T10:56:09 AST" name="validateUserLoginWithInvalidCredentials" description="user is trying to login with invalid credentials" data-provider="loginProvider" finished-at="2025-11-25T10:56:10 AST" duration-ms="799" status="PASS">
          <params>
            <param index="0">
              <value>
                <![CDATA[admin]]>
              </value>
            </param>
            <param index="1">
              <value>
                <![CDATA[admin22]]>
              </value>
            </param>
          </params>
          <reporter-output>
          </reporter-output>
        </test-method> <!-- validateUserLoginWithInvalidCredentials -->
        <test-method is-config="true" signature="initialiseBrowser(java.lang.String)[pri:0, instance:testScript.LoginTest@4470fbd6]" started-at="2025-11-25T10:56:10 AST" name="initialiseBrowser" finished-at="2025-11-25T10:56:14 AST" duration-ms="4400" status="PASS">
          <params>
            <param index="0">
              <value>
                <![CDATA[chrome]]>
              </value>
            </param>
          </params>
          <reporter-output>
          </reporter-output>
        </test-method> <!-- initialiseBrowser -->
        <test-method is-config="true" signature="driverQuit(org.testng.ITestResult)[pri:0, instance:testScript.LoginTest@4470fbd6]" started-at="2025-11-25T10:56:10 AST" name="driverQuit" finished-at="2025-11-25T10:56:10 AST" duration-ms="0" status="PASS">
          <params>
            <param index="0">
              <value>
                <![CDATA[[TestResult name=validateUserLoginWithInvalidCredentials status=SUCCESS method=LoginTest.validateUserLoginWithInvalidCredentials(java.lang.String,java.lang.String)[pri:4, instance:testScript.LoginTest@4470fbd6] output={null}]]]>
              </value>
            </param>
          </params>
          <reporter-output>
          </reporter-output>
        </test-method> <!-- driverQuit -->
        <test-method signature="validateUserLoginWithInvalidCredentials(java.lang.String,java.lang.String)[pri:4, instance:testScript.LoginTest@4470fbd6]" started-at="2025-11-25T10:56:14 AST" name="validateUserLoginWithInvalidCredentials" description="user is trying to login with invalid credentials" data-provider="loginProvider" finished-at="2025-11-25T10:56:15 AST" duration-ms="314" status="PASS">
          <params>
            <param index="0">
              <value>
                <![CDATA[admin123]]>
              </value>
            </param>
            <param index="1">
              <value>
                <![CDATA[123]]>
              </value>
            </param>
          </params>
          <reporter-output>
          </reporter-output>
        </test-method> <!-- validateUserLoginWithInvalidCredentials -->
        <test-method is-config="true" signature="driverQuit(org.testng.ITestResult)[pri:0, instance:testScript.LoginTest@4470fbd6]" started-at="2025-11-25T10:56:15 AST" name="driverQuit" finished-at="2025-11-25T10:56:15 AST" duration-ms="0" status="PASS">
          <params>
            <param index="0">
              <value>
                <![CDATA[[TestResult name=validateUserLoginWithInvalidCredentials status=SUCCESS method=LoginTest.validateUserLoginWithInvalidCredentials(java.lang.String,java.lang.String)[pri:4, instance:testScript.LoginTest@4470fbd6] output={null}]]]>
              </value>
            </param>
          </params>
          <reporter-output>
          </reporter-output>
        </test-method> <!-- driverQuit -->
      </class> <!-- testScript.LoginTest -->
    </test> <!-- Test -->
  </suite> <!-- Suite -->
</testng-results>
