<?xml version="1.0" encoding="UTF-8"?>
<testng-results ignored="0" total="1" passed="1" failed="0" skipped="0">
  <reporter-output>
  </reporter-output>
  <suite started-at="2025-11-25T11:18:54 AST" name="Suite" finished-at="2025-11-25T11:19:01 AST" duration-ms="7463">
    <groups>
    </groups>
    <test started-at="2025-11-25T11:18:54 AST" name="Test" finished-at="2025-11-25T11:19:01 AST" duration-ms="7463">
      <class name="testScript.HomeTest">
        <test-method is-config="true" signature="initialiseBrowser(java.lang.String)[pri:0, instance:testScript.HomeTest@4a003cbe]" started-at="2025-11-25T11:18:54 AST" name="initialiseBrowser" finished-at="2025-11-25T11:18:58 AST" duration-ms="4452" status="PASS">
          <params>
            <param index="0">
              <value>
                <![CDATA[chrome]]>
              </value>
            </param>
          </params>
          <reporter-output>
          </reporter-output>
        </test-method> <!-- initialiseBrowser -->
        <test-method signature="verifyWhetherUserIsAbleToSuccessfullyLoggedOut()[pri:0, instance:testScript.HomeTest@4a003cbe]" started-at="2025-11-25T11:18:58 AST" name="verifyWhetherUserIsAbleToSuccessfullyLoggedOut" description="user is trying to loggout" finished-at="2025-11-25T11:19:01 AST" duration-ms="2970" status="PASS">
          <reporter-output>
          </reporter-output>
        </test-method> <!-- verifyWhetherUserIsAbleToSuccessfullyLoggedOut -->
        <test-method is-config="true" signature="driverQuit(org.testng.ITestResult)[pri:0, instance:testScript.HomeTest@4a003cbe]" started-at="2025-11-25T11:19:01 AST" name="driverQuit" finished-at="2025-11-25T11:19:01 AST" duration-ms="0" status="PASS">
          <params>
            <param index="0">
              <value>
                <![CDATA[[TestResult name=verifyWhetherUserIsAbleToSuccessfullyLoggedOut status=SUCCESS method=HomeTest.verifyWhetherUserIsAbleToSuccessfullyLoggedOut()[pri:0, instance:testScript.HomeTest@4a003cbe] output={null}]]]>
              </value>
            </param>
          </params>
          <reporter-output>
          </reporter-output>
        </test-method> <!-- driverQuit -->
      </class> <!-- testScript.HomeTest -->
    </test> <!-- Test -->
  </suite> <!-- Suite -->
</testng-results>
